[08 Oct 2015 11:11:49] Building database metadata model
[08 Oct 2015 11:11:49] Properties: {partialRefresh=false, processColumnsUsingSelect=, includePrimaryKeys=true, eventSocketClient=com.webratio.commons.net.EventSocketClient@27d16a7f, includeTables=true, username=postgres, outputLogPath=C:\WebRatio\WebRatio Platform 7.2.9.x64bit\repository\Web-Science-Engineering\.Temp~\DB.xml.log, readIndexes=null, driverClass=org.postgresql.Driver, includeSynonyms=true, metaDataProviderClass=com.webratio.commons.db.metadata.PostgreSQLMetaDataProvider, outputPath=C:\WebRatio\WebRatio Platform 7.2.9.x64bit\repository\Web-Science-Engineering\.Temp~\DB.xml, schemaRegex=null, readProcedures=null, includeViews=true, derby.system.home=C:\WebRatio\WebRatio Platform 7.2.9.x64bit\workspace\.metadata\.plugins\com.webratio.commons.db\derby, url=jdbc:postgresql://localhost:5432/ImageAnnotationTool, tableRegex=null, readSQLDefinitions=true, includeForeignKeys=false, retrieveAllNames=false, tablesToRefresh=, eventSocketPort=55284}
[08 Oct 2015 11:11:49] URL: jdbc:postgresql://localhost:5432/ImageAnnotationTool
[08 Oct 2015 11:11:49] Product name: PostgreSQL
[08 Oct 2015 11:11:49] Product version: 9.4.4
[08 Oct 2015 11:11:49] Driver name: PostgreSQL Native Driver
[08 Oct 2015 11:11:49] Driver version: PostgreSQL 9.4 JDBC4 (build 1203)
[08 Oct 2015 11:11:49] Driver major version: 9
[08 Oct 2015 11:11:49] Driver minor version: 4
[08 Oct 2015 11:11:49] Identifier quote string: 4
[08 Oct 2015 11:11:49] Retrieving schemas
[08 Oct 2015 11:11:49]   Found schema: information_schema
[08 Oct 2015 11:11:49]   Found schema: pg_catalog
[08 Oct 2015 11:11:49]   Found schema: public
[08 Oct 2015 11:11:49] Retrieving sequences
[08 Oct 2015 11:11:49] Retrieving [TABLE, VIEW, SYNONYM] for schema 'information_schema'
[08 Oct 2015 11:11:49] Retrieving [TABLE, VIEW, SYNONYM] for schema 'pg_catalog'
[08 Oct 2015 11:11:49] Retrieving [TABLE, VIEW, SYNONYM] for schema 'public'
[08 Oct 2015 11:11:49]   Found 'public.campaign' [type = TABLE]
[08 Oct 2015 11:11:49]   Found 'public.group' [type = TABLE]
[08 Oct 2015 11:11:49]   Found 'public.group_module' [type = TABLE]
[08 Oct 2015 11:11:49]   Found 'public.module' [type = TABLE]
[08 Oct 2015 11:11:49]   Found 'public.requester' [type = TABLE]
[08 Oct 2015 11:11:49]   Found 'public.user' [type = TABLE]
[08 Oct 2015 11:11:49]   Found 'public.user_group' [type = TABLE]
[08 Oct 2015 11:11:49]   Found 'public.worker' [type = TABLE]
[08 Oct 2015 11:11:49] Retrieving columns for 'public.campaign' [type = TABLE]
[08 Oct 2015 11:11:49]   Found column: oid [type = int4][SQL/XOPEN type = 4][size = 10][dec. digits = 0]
[08 Oct 2015 11:11:49]   Found column: name [type = varchar][SQL/XOPEN type = 12][size = 255][dec. digits = 0]
[08 Oct 2015 11:11:49]   Found column: budget [type = numeric][SQL/XOPEN type = 2][size = 19][dec. digits = 2]
[08 Oct 2015 11:11:49]   Found column: requester_oid [type = int4][SQL/XOPEN type = 4][size = 10][dec. digits = 0]
[08 Oct 2015 11:11:49]   Found column: open [type = bool][SQL/XOPEN type = -7][size = 1][dec. digits = 0]
[08 Oct 2015 11:11:49] Retrieving primary keys for 'public.campaign' [type = TABLE]
[08 Oct 2015 11:11:49]   Found primary key column: oid
[08 Oct 2015 11:11:49] Retrieving columns for 'public.group' [type = TABLE]
[08 Oct 2015 11:11:49]   Found column: oid [type = int4][SQL/XOPEN type = 4][size = 10][dec. digits = 0]
[08 Oct 2015 11:11:49]   Found column: groupname [type = varchar][SQL/XOPEN type = 12][size = 255][dec. digits = 0]
[08 Oct 2015 11:11:49]   Found column: module_oid [type = int4][SQL/XOPEN type = 4][size = 10][dec. digits = 0]
[08 Oct 2015 11:11:49] Retrieving primary keys for 'public.group' [type = TABLE]
[08 Oct 2015 11:11:49]   Found primary key column: oid
[08 Oct 2015 11:11:49] Retrieving columns for 'public.group_module' [type = TABLE]
[08 Oct 2015 11:11:49]   Found column: group_oid [type = int4][SQL/XOPEN type = 4][size = 10][dec. digits = 0]
[08 Oct 2015 11:11:49]   Found column: module_oid [type = int4][SQL/XOPEN type = 4][size = 10][dec. digits = 0]
[08 Oct 2015 11:11:49] Retrieving primary keys for 'public.group_module' [type = TABLE]
[08 Oct 2015 11:11:49]   Found primary key column: group_oid
[08 Oct 2015 11:11:49]   Found primary key column: module_oid
[08 Oct 2015 11:11:49] Retrieving columns for 'public.module' [type = TABLE]
[08 Oct 2015 11:11:49]   Found column: oid [type = int4][SQL/XOPEN type = 4][size = 10][dec. digits = 0]
[08 Oct 2015 11:11:49]   Found column: moduleid [type = varchar][SQL/XOPEN type = 12][size = 255][dec. digits = 0]
[08 Oct 2015 11:11:49]   Found column: modulename [type = varchar][SQL/XOPEN type = 12][size = 255][dec. digits = 0]
[08 Oct 2015 11:11:49] Retrieving primary keys for 'public.module' [type = TABLE]
[08 Oct 2015 11:11:49]   Found primary key column: oid
[08 Oct 2015 11:11:49] Retrieving columns for 'public.requester' [type = TABLE]
[08 Oct 2015 11:11:49]   Found column: user_oid [type = int4][SQL/XOPEN type = 4][size = 10][dec. digits = 0]
[08 Oct 2015 11:11:49]   Found column: name [type = varchar][SQL/XOPEN type = 12][size = 255][dec. digits = 0]
[08 Oct 2015 11:11:49]   Found column: birthdate [type = date][SQL/XOPEN type = 91][size = 13][dec. digits = 0]
[08 Oct 2015 11:11:49] Retrieving primary keys for 'public.requester' [type = TABLE]
[08 Oct 2015 11:11:49]   Found primary key column: user_oid
[08 Oct 2015 11:11:49] Retrieving columns for 'public.user' [type = TABLE]
[08 Oct 2015 11:11:49]   Found column: oid [type = int4][SQL/XOPEN type = 4][size = 10][dec. digits = 0]
[08 Oct 2015 11:11:49]   Found column: username [type = varchar][SQL/XOPEN type = 12][size = 255][dec. digits = 0]
[08 Oct 2015 11:11:49]   Found column: password [type = varchar][SQL/XOPEN type = 12][size = 255][dec. digits = 0]
[08 Oct 2015 11:11:49]   Found column: email [type = varchar][SQL/XOPEN type = 12][size = 255][dec. digits = 0]
[08 Oct 2015 11:11:49]   Found column: group_oid [type = int4][SQL/XOPEN type = 4][size = 10][dec. digits = 0]
[08 Oct 2015 11:11:49] Retrieving primary keys for 'public.user' [type = TABLE]
[08 Oct 2015 11:11:49]   Found primary key column: oid
[08 Oct 2015 11:11:49] Retrieving columns for 'public.user_group' [type = TABLE]
[08 Oct 2015 11:11:49]   Found column: user_oid [type = int4][SQL/XOPEN type = 4][size = 10][dec. digits = 0]
[08 Oct 2015 11:11:49]   Found column: group_oid [type = int4][SQL/XOPEN type = 4][size = 10][dec. digits = 0]
[08 Oct 2015 11:11:49] Retrieving primary keys for 'public.user_group' [type = TABLE]
[08 Oct 2015 11:11:49]   Found primary key column: user_oid
[08 Oct 2015 11:11:49]   Found primary key column: group_oid
[08 Oct 2015 11:11:49] Retrieving columns for 'public.worker' [type = TABLE]
[08 Oct 2015 11:11:49]   Found column: user_oid [type = int4][SQL/XOPEN type = 4][size = 10][dec. digits = 0]
[08 Oct 2015 11:11:49]   Found column: name [type = varchar][SQL/XOPEN type = 12][size = 255][dec. digits = 0]
[08 Oct 2015 11:11:49]   Found column: birthdate [type = date][SQL/XOPEN type = 91][size = 13][dec. digits = 0]
[08 Oct 2015 11:11:49] Retrieving primary keys for 'public.worker' [type = TABLE]
[08 Oct 2015 11:11:49]   Found primary key column: user_oid
[08 Oct 2015 11:11:49] Database connection closed
