[08 Oct 2015 11:11:47] DEBUG Executing SQL script
[08 Oct 2015 11:11:47] INFO ================================================================================
[08 Oct 2015 11:11:47] INFO onError= 'stop'
[08 Oct 2015 11:11:47] INFO autoCommit= 'false'
[08 Oct 2015 11:11:47] INFO username= 'postgres'
[08 Oct 2015 11:11:47] INFO outputPath= 'C:\WebRatio\WebRatio Platform 7.2.9.x64bit\repository\Web-Science-Engineering\.Temp~\UpdateSQL.xml'
[08 Oct 2015 11:11:47] INFO outputLogPath= 'C:\WebRatio\WebRatio Platform 7.2.9.x64bit\repository\Web-Science-Engineering\.Temp~\UpdateSQL.xml.log'
[08 Oct 2015 11:11:47] INFO encoding= ''
[08 Oct 2015 11:11:47] INFO driverClass= 'org.postgresql.Driver'
[08 Oct 2015 11:11:47] INFO sqlScript= 'C:\WebRatio\WebRatio Platform 7.2.9.x64bit\repository\Web-Science-Engineering\.Temp~\UpdateSQL.sql'
[08 Oct 2015 11:11:47] INFO eventSocketPort= '55281'
[08 Oct 2015 11:11:47] INFO statementSeparator= ';'
[08 Oct 2015 11:11:47] INFO derby.system.home= 'C:\WebRatio\WebRatio Platform 7.2.9.x64bit\workspace\.metadata\.plugins\com.webratio.commons.db\derby'
[08 Oct 2015 11:11:48] INFO password= 'Arend123'
[08 Oct 2015 11:11:48] INFO url= 'jdbc:postgresql://localhost:5432/ImageAnnotationTool'
[08 Oct 2015 11:11:48] INFO ================================================================================
[08 Oct 2015 11:11:48] INFO Connecting to the Database...
[08 Oct 2015 11:11:48] INFO Database connection estabilished
[08 Oct 2015 11:11:48] INFO transaction isolation: 2
[08 Oct 2015 11:11:48] DEBUG ================================================================================
[08 Oct 2015 11:11:48] DEBUG Executing SQL script file: C:\WebRatio\WebRatio Platform 7.2.9.x64bit\repository\Web-Science-Engineering\.Temp~\UpdateSQL.sql
[08 Oct 2015 11:11:48] DEBUG Executing statement:  alter table "public"."campaign"  add column  "open"  bool
[08 Oct 2015 11:11:48] DEBUG ================================================================================
[08 Oct 2015 11:11:48] DEBUG SQL SCRIPT SUCCESSFULLY EXECUTED
[08 Oct 2015 11:11:48] INFO Database connection closed
[08 Oct 2015 11:11:48] DEBUG Total time: 607 milliseconds
