[15 Oct 2015 20:35:50] DEBUG Executing SQL script
[15 Oct 2015 20:35:50] INFO ================================================================================
[15 Oct 2015 20:35:50] INFO outputPath= '/Users/k1ng/Desktop/Web Science /Web-Science-Engineering/v2 Web-Science-Engineering/ImageAnnotationTool/.Temp~/RollbackSQL.xml'
[15 Oct 2015 20:35:50] INFO onError= 'stop'
[15 Oct 2015 20:35:50] INFO statementSeparator= ';'
[15 Oct 2015 20:35:50] INFO derby.system.home= '/Users/k1ng/Desktop/Web Science /Web-Science-Engineering/v2 Web-Science-Engineering/.metadata/.plugins/com.webratio.commons.db/derby'
[15 Oct 2015 20:35:50] INFO password= ''
[15 Oct 2015 20:35:50] INFO url= 'jdbc:postgresql://localhost:5432/ImageAnnotationTool'
[15 Oct 2015 20:35:50] INFO username= 'k1ng'
[15 Oct 2015 20:35:50] INFO autoCommit= 'false'
[15 Oct 2015 20:35:50] INFO outputLogPath= '/Users/k1ng/Desktop/Web Science /Web-Science-Engineering/v2 Web-Science-Engineering/ImageAnnotationTool/.Temp~/RollbackSQL.xml.log'
[15 Oct 2015 20:35:50] INFO driverClass= 'org.postgresql.Driver'
[15 Oct 2015 20:35:50] INFO encoding= ''
[15 Oct 2015 20:35:50] INFO eventSocketPort= '61281'
[15 Oct 2015 20:35:50] INFO sqlScript= '/Users/k1ng/Desktop/Web Science /Web-Science-Engineering/v2 Web-Science-Engineering/ImageAnnotationTool/.Temp~/RollbackSQL.sql'
[15 Oct 2015 20:35:50] INFO ================================================================================
[15 Oct 2015 20:35:50] INFO Connecting to the Database...
[15 Oct 2015 20:35:50] INFO Database connection estabilished
[15 Oct 2015 20:35:50] INFO transaction isolation: 2
[15 Oct 2015 20:35:50] DEBUG ================================================================================
[15 Oct 2015 20:35:50] DEBUG Executing SQL script file: /Users/k1ng/Desktop/Web Science /Web-Science-Engineering/v2 Web-Science-Engineering/ImageAnnotationTool/.Temp~/RollbackSQL.sql
[15 Oct 2015 20:35:50] DEBUG Executing statement:  alter table "public"."item"   drop column  "taskid"
[15 Oct 2015 20:35:50] ERROR Could not execute statement:  alter table "public"."item"   drop column  "taskid"
org.postgresql.util.PSQLException: ERROR: column "taskid" of relation "item" does not exist
	at org.postgresql.core.v3.QueryExecutorImpl.receiveErrorResponse(QueryExecutorImpl.java:2198)
	at org.postgresql.core.v3.QueryExecutorImpl.processResults(QueryExecutorImpl.java:1927)
	at org.postgresql.core.v3.QueryExecutorImpl.execute(QueryExecutorImpl.java:255)
	at org.postgresql.jdbc2.AbstractJdbc2Statement.execute(AbstractJdbc2Statement.java:562)
	at org.postgresql.jdbc2.AbstractJdbc2Statement.executeWithFlags(AbstractJdbc2Statement.java:406)
	at org.postgresql.jdbc2.AbstractJdbc2Statement.execute(AbstractJdbc2Statement.java:398)
	at com.webratio.commons.db.utils.DBUtils.execute(DBUtils.java:523)
	at com.webratio.commons.db.utils.DBUtils.executeScriptFiles(DBUtils.java:442)
	at com.webratio.commons.db.utils.DBUtils.main(DBUtils.java:257)
[15 Oct 2015 20:35:50] ERROR SQL SCRIPT EXECUTION FAILED
[15 Oct 2015 20:35:50] INFO Database connection closed
[15 Oct 2015 20:35:50] DEBUG Total time: 217 milliseconds
