[15 Oct 2015 20:36:51] DEBUG Executing SQL script
[15 Oct 2015 20:36:51] INFO ================================================================================
[15 Oct 2015 20:36:51] INFO outputPath= '/Users/k1ng/Desktop/Web Science /Web-Science-Engineering/v2 Web-Science-Engineering/ImageAnnotationTool/.Temp~/UpdateSQL.xml'
[15 Oct 2015 20:36:51] INFO onError= 'stop'
[15 Oct 2015 20:36:51] INFO statementSeparator= ';'
[15 Oct 2015 20:36:51] INFO derby.system.home= '/Users/k1ng/Desktop/Web Science /Web-Science-Engineering/v2 Web-Science-Engineering/.metadata/.plugins/com.webratio.commons.db/derby'
[15 Oct 2015 20:36:51] INFO password= ''
[15 Oct 2015 20:36:51] INFO url= 'jdbc:postgresql://localhost:5432/ImageAnnotationTool'
[15 Oct 2015 20:36:51] INFO username= 'k1ng'
[15 Oct 2015 20:36:51] INFO autoCommit= 'false'
[15 Oct 2015 20:36:51] INFO outputLogPath= '/Users/k1ng/Desktop/Web Science /Web-Science-Engineering/v2 Web-Science-Engineering/ImageAnnotationTool/.Temp~/UpdateSQL.xml.log'
[15 Oct 2015 20:36:51] INFO driverClass= 'org.postgresql.Driver'
[15 Oct 2015 20:36:51] INFO encoding= ''
[15 Oct 2015 20:36:51] INFO eventSocketPort= '62025'
[15 Oct 2015 20:36:51] INFO sqlScript= '/Users/k1ng/Desktop/Web Science /Web-Science-Engineering/v2 Web-Science-Engineering/ImageAnnotationTool/.Temp~/UpdateSQL.sql'
[15 Oct 2015 20:36:51] INFO ================================================================================
[15 Oct 2015 20:36:51] INFO Connecting to the Database...
[15 Oct 2015 20:36:52] INFO Database connection estabilished
[15 Oct 2015 20:36:52] INFO transaction isolation: 2
[15 Oct 2015 20:36:52] DEBUG ================================================================================
[15 Oct 2015 20:36:52] DEBUG Executing SQL script file: /Users/k1ng/Desktop/Web Science /Web-Science-Engineering/v2 Web-Science-Engineering/ImageAnnotationTool/.Temp~/UpdateSQL.sql
[15 Oct 2015 20:36:52] DEBUG Executing statement:  alter table "public"."item"  add column  "taskid"  int4
[15 Oct 2015 20:36:52] DEBUG ================================================================================
[15 Oct 2015 20:36:52] DEBUG SQL SCRIPT SUCCESSFULLY EXECUTED
[15 Oct 2015 20:36:52] INFO Database connection closed
[15 Oct 2015 20:36:52] DEBUG Total time: 242 milliseconds
